# JRE version: OpenJDK Runtime Environment (17.0.9) (build 17.0.9+0--11185874)
# Java VM: OpenJDK 64-Bit Server VM (17.0.9+0--11185874, mixed mode, tiered, compressed oops, compressed class ptrs, g1 gc, windows-amd64)
GC Precious Log:
 CPUs: 8 total, 8 available
 Memory: 8023M
 Large Page Support: Disabled
 NUMA Support: Disabled
 Compressed Oops: Enabled (32-bit)
 Heap Region Size: 1M
 Heap Min Capacity: 8M
 Heap Initial Capacity: 126M
 Heap Max Capacity: 2G
 Pre-touch: Disabled
 Parallel Workers: 8
 Concurrent Workers: 2
 Concurrent Refinement Workers: 8
 Periodic GC: Disabled
Heap:
 garbage-first heap   total 250880K, used 163822K [0x0000000080000000, 0x0000000100000000)
  region size 1024K, 6 young (6144K), 6 survivors (6144K)
 Metaspace       used 115178K, committed 115968K, reserved 1179648K
  class space    used 15625K, committed 16000K, reserved 1048576K
GC Heap History (20 events):
Event: 13.950 GC heap after
{Heap after GC invocations=59 (full 0):
 garbage-first heap   total 250880K, used 103581K [0x0000000080000000, 0x0000000100000000)
  region size 1024K, 4 young (4096K), 4 survivors (4096K)
 Metaspace       used 100162K, committed 100864K, reserved 1179648K
  class space    used 14058K, committed 14400K, reserved 1048576K
}
Event: 14.757 GC heap before
{Heap before GC invocations=60 (full 0):
 garbage-first heap   total 250880K, used 214173K [0x0000000080000000, 0x0000000100000000)
  region size 1024K, 105 young (107520K), 4 survivors (4096K)
 Metaspace       used 103403K, committed 104128K, reserved 1179648K
  class space    used 14360K, committed 14720K, reserved 1048576K
}
Event: 14.769 GC heap after
{Heap after GC invocations=61 (full 0):
 garbage-first heap   total 250880K, used 127748K [0x0000000080000000, 0x0000000100000000)
  region size 1024K, 14 young (14336K), 14 survivors (14336K)
 Metaspace       used 103403K, committed 104128K, reserved 1179648K
  class space    used 14360K, committed 14720K, reserved 1048576K
}
Event: 14.774 GC heap before
{Heap before GC invocations=61 (full 0):
 garbage-first heap   total 250880K, used 128772K [0x0000000080000000, 0x0000000100000000)
  region size 1024K, 15 young (15360K), 14 survivors (14336K)
 Metaspace       used 103403K, committed 104128K, reserved 1179648K
  class space    used 14360K, committed 14720K, reserved 1048576K
}
Event: 14.783 GC heap after
{Heap after GC invocations=62 (full 0):
 garbage-first heap   total 250880K, used 129559K [0x0000000080000000, 0x0000000100000000)
  region size 1024K, 2 young (2048K), 2 survivors (2048K)
 Metaspace       used 103403K, committed 104128K, reserved 1179648K
  class space    used 14360K, committed 14720K, reserved 1048576K
}
Event: 15.311 GC heap before
{Heap before GC invocations=62 (full 0):
 garbage-first heap   total 250880K, used 195095K [0x0000000080000000, 0x0000000100000000)
  region size 1024K, 58 young (59392K), 2 survivors (2048K)
 Metaspace       used 104132K, committed 104832K, reserved 1179648K
  class space    used 14435K, committed 14784K, reserved 1048576K
}
Event: 15.317 GC heap after
{Heap after GC invocations=63 (full 0):
 garbage-first heap   total 250880K, used 140631K [0x0000000080000000, 0x0000000100000000)
  region size 1024K, 8 young (8192K), 8 survivors (8192K)
 Metaspace       used 104132K, committed 104832K, reserved 1179648K
  class space    used 14435K, committed 14784K, reserved 1048576K
}
Event: 15.945 GC heap before
{Heap before GC invocations=63 (full 0):
 garbage-first heap   total 250880K, used 219479K [0x0000000080000000, 0x0000000100000000)
  region size 1024K, 58 young (59392K), 8 survivors (8192K)
 Metaspace       used 107316K, committed 108096K, reserved 1179648K
  class space    used 14820K, committed 15232K, reserved 1048576K
}
Event: 15.951 GC heap after
{Heap after GC invocations=64 (full 0):
 garbage-first heap   total 250880K, used 139084K [0x0000000080000000, 0x0000000100000000)
  region size 1024K, 4 young (4096K), 4 survivors (4096K)
 Metaspace       used 107316K, committed 108096K, reserved 1179648K
  class space    used 14820K, committed 15232K, reserved 1048576K
}
Event: 16.246 GC heap before
{Heap before GC invocations=64 (full 0):
 garbage-first heap   total 250880K, used 194380K [0x0000000080000000, 0x0000000100000000)
  region size 1024K, 59 young (60416K), 4 survivors (4096K)
 Metaspace       used 110962K, committed 111744K, reserved 1179648K
  class space    used 15174K, committed 15552K, reserved 1048576K
}
Event: 16.255 GC heap after
{Heap after GC invocations=65 (full 0):
 garbage-first heap   total 250880K, used 144734K [0x0000000080000000, 0x0000000100000000)
  region size 1024K, 8 young (8192K), 8 survivors (8192K)
 Metaspace       used 110962K, committed 111744K, reserved 1179648K
  class space    used 15174K, committed 15552K, reserved 1048576K
}
Event: 16.506 GC heap before
{Heap before GC invocations=65 (full 0):
 garbage-first heap   total 250880K, used 197982K [0x0000000080000000, 0x0000000100000000)
  region size 1024K, 61 young (62464K), 8 survivors (8192K)
 Metaspace       used 111807K, committed 112576K, reserved 1179648K
  class space    used 15243K, committed 15616K, reserved 1048576K
}
Event: 16.515 GC heap after
{Heap after GC invocations=66 (full 0):
 garbage-first heap   total 250880K, used 152245K [0x0000000080000000, 0x0000000100000000)
  region size 1024K, 8 young (8192K), 8 survivors (8192K)
 Metaspace       used 111807K, committed 112576K, reserved 1179648K
  class space    used 15243K, committed 15616K, reserved 1048576K
}
Event: 16.872 GC heap before
{Heap before GC invocations=66 (full 0):
 garbage-first heap   total 250880K, used 199349K [0x0000000080000000, 0x0000000100000000)
  region size 1024K, 55 young (56320K), 8 survivors (8192K)
 Metaspace       used 113143K, committed 113984K, reserved 1179648K
  class space    used 15384K, committed 15808K, reserved 1048576K
}
Event: 16.877 GC heap after
{Heap after GC invocations=67 (full 0):
 garbage-first heap   total 250880K, used 152710K [0x0000000080000000, 0x0000000100000000)
  region size 1024K, 4 young (4096K), 4 survivors (4096K)
 Metaspace       used 113143K, committed 113984K, reserved 1179648K
  class space    used 15384K, committed 15808K, reserved 1048576K
}
Event: 17.429 GC heap before
{Heap before GC invocations=67 (full 0):
 garbage-first heap   total 250880K, used 201862K [0x0000000080000000, 0x0000000100000000)
  region size 1024K, 53 young (54272K), 4 survivors (4096K)
 Metaspace       used 115038K, committed 115840K, reserved 1179648K
  class space    used 15615K, committed 16000K, reserved 1048576K
}
Event: 17.435 GC heap after
{Heap after GC invocations=68 (full 0):
 garbage-first heap   total 250880K, used 157912K [0x0000000080000000, 0x0000000100000000)
  region size 1024K, 7 young (7168K), 7 survivors (7168K)
 Metaspace       used 115038K, committed 115840K, reserved 1179648K
  class space    used 15615K, committed 16000K, reserved 1048576K
}
Event: 17.620 GC heap before
{Heap before GC invocations=68 (full 0):
 garbage-first heap   total 250880K, used 202968K [0x0000000080000000, 0x0000000100000000)
  region size 1024K, 52 young (53248K), 7 survivors (7168K)
 Metaspace       used 115119K, committed 115904K, reserved 1179648K
  class space    used 15622K, committed 16000K, reserved 1048576K
}
Event: 17.626 GC heap after
{Heap after GC invocations=69 (full 0):
 garbage-first heap   total 250880K, used 161683K [0x0000000080000000, 0x0000000100000000)
  region size 1024K, 6 young (6144K), 6 survivors (6144K)
 Metaspace       used 115119K, committed 115904K, reserved 1179648K
  class space    used 15622K, committed 16000K, reserved 1048576K
}
Event: 17.784 GC heap before
{Heap before GC invocations=69 (full 0):
 garbage-first heap   total 250880K, used 204691K [0x0000000080000000, 0x0000000100000000)
  region size 1024K, 49 young (50176K), 6 survivors (6144K)
 Metaspace       used 115178K, committed 115968K, reserved 1179648K
  class space    used 15625K, committed 16000K, reserved 1048576K
}

